This file contains any messages produced by compilers while
running configure, to aid debugging if configure makes a mistake.

It was created by Apertium Northern Saami-Lule Saami configure 0.5.1, which was
generated by GNU Autoconf 2.69.  Invocation command line was

  $ ./configure --with-lang1=../giella-udm/tools/mt/apertium --with-lang2=../giella-kpv/tools/mt/apertium

## --------- ##
## Platform. ##
## --------- ##

hostname = socorpc
uname -m = x86_64
uname -r = 4.13.0-32-generic
uname -s = Linux
uname -v = #35~16.04.1-Ubuntu SMP Thu Jan 25 10:13:43 UTC 2018

/usr/bin/uname -p = unknown
/bin/uname -X     = unknown

/bin/arch              = unknown
/usr/bin/arch -k       = unknown
/usr/convex/getsysinfo = unknown
/usr/bin/hostinfo      = unknown
/bin/machine           = unknown
/usr/bin/oslevel       = unknown
/bin/universe          = unknown

PATH: /home/socur/anaconda3/bin
PATH: /home/socur/bin
PATH: /home/socur/.local/bin
PATH: /usr/local/sbin
PATH: /usr/local/bin
PATH: /usr/sbin
PATH: /usr/bin
PATH: /sbin
PATH: /bin
PATH: /usr/games
PATH: /usr/local/games
PATH: /snap/bin
PATH: /usr/local/bin


## ----------- ##
## Core tests. ##
## ----------- ##

configure:1845: checking for a BSD-compatible install
configure:1913: result: /usr/bin/install -c
configure:1924: checking whether build environment is sane
configure:1979: result: yes
configure:2130: checking for a thread-safe mkdir -p
configure:2169: result: /bin/mkdir -p
configure:2176: checking for gawk
configure:2192: found /usr/bin/gawk
configure:2203: result: gawk
configure:2214: checking whether make sets $(MAKE)
configure:2236: result: yes
configure:2265: checking whether make supports nested variables
configure:2282: result: yes
configure:2409: checking whether ln -s works
configure:2413: result: yes
configure:2424: checking for gawk
configure:2451: result: gawk
configure:2518: checking for pkg-config
configure:2536: found /usr/bin/pkg-config
configure:2548: result: /usr/bin/pkg-config
configure:2573: checking pkg-config is at least version 0.9.0
configure:2576: result: yes
configure:2586: checking for APERTIUM
configure:2593: $PKG_CONFIG --exists --print-errors "apertium >= 3.3.0"
configure:2596: $? = 0
configure:2610: $PKG_CONFIG --exists --print-errors "apertium >= 3.3.0"
configure:2613: $? = 0
configure:2831: result: yes
configure:2839: checking for hfst-lexc
configure:2857: found /usr/bin/hfst-lexc
configure:2870: result: /usr/bin/hfst-lexc
configure:2884: checking for hfst-twolc
configure:2902: found /usr/bin/hfst-twolc
configure:2915: result: /usr/bin/hfst-twolc
configure:2929: checking for cg-comp
configure:2947: found /usr/bin/cg-comp
configure:2960: result: /usr/bin/cg-comp
configure:2974: checking for cg-proc
configure:2992: found /usr/bin/cg-proc
configure:3005: result: /usr/bin/cg-proc
configure:3019: checking for cg-relabel
configure:3037: found /usr/bin/cg-relabel
configure:3050: result: /usr/bin/cg-relabel
configure:3064: checking for lrx-comp
configure:3082: found /usr/bin/lrx-comp
configure:3095: result: /usr/bin/lrx-comp
configure:3109: checking for lrx-proc
configure:3127: found /usr/bin/lrx-proc
configure:3140: result: /usr/bin/lrx-proc
configure:3156: checking for gzcat
configure:3189: result: no
configure:3156: checking for zcat
configure:3174: found /bin/zcat
configure:3186: result: /bin/zcat
configure:3675: checking that generated files are newer than configure
configure:3681: result: done
configure:3689: creating ./config.status

## ---------------------- ##
## Running config.status. ##
## ---------------------- ##

This file was extended by Apertium Northern Saami-Lule Saami config.status 0.5.1, which was
generated by GNU Autoconf 2.69.  Invocation command line was

  CONFIG_FILES    = 
  CONFIG_HEADERS  = 
  CONFIG_LINKS    = 
  CONFIG_COMMANDS = 
  $ ./config.status 

on socorpc

config.status:795: creating Makefile

## ---------------- ##
## Cache variables. ##
## ---------------- ##

ac_cv_env_APERTIUM_CFLAGS_set=
ac_cv_env_APERTIUM_CFLAGS_value=
ac_cv_env_APERTIUM_LIBS_set=
ac_cv_env_APERTIUM_LIBS_value=
ac_cv_env_AP_LIB1_set=
ac_cv_env_AP_LIB1_value=
ac_cv_env_AP_LIB2_set=
ac_cv_env_AP_LIB2_value=
ac_cv_env_AP_SRC1_set=
ac_cv_env_AP_SRC1_value=
ac_cv_env_AP_SRC2_set=
ac_cv_env_AP_SRC2_value=
ac_cv_env_AP_SUBDIRS_set=
ac_cv_env_AP_SUBDIRS_value=
ac_cv_env_GIELLA_KPV_CFLAGS_set=
ac_cv_env_GIELLA_KPV_CFLAGS_value=
ac_cv_env_GIELLA_KPV_LIBS_set=
ac_cv_env_GIELLA_KPV_LIBS_value=
ac_cv_env_GIELLA_UDM_CFLAGS_set=
ac_cv_env_GIELLA_UDM_CFLAGS_value=
ac_cv_env_GIELLA_UDM_LIBS_set=
ac_cv_env_GIELLA_UDM_LIBS_value=
ac_cv_env_PKG_CONFIG_LIBDIR_set=
ac_cv_env_PKG_CONFIG_LIBDIR_value=
ac_cv_env_PKG_CONFIG_PATH_set=set
ac_cv_env_PKG_CONFIG_PATH_value=:/usr/local/share/pkgconfig:/usr/local/lib/pkgconfig
ac_cv_env_PKG_CONFIG_set=
ac_cv_env_PKG_CONFIG_value=
ac_cv_env_build_alias_set=
ac_cv_env_build_alias_value=
ac_cv_env_host_alias_set=
ac_cv_env_host_alias_value=
ac_cv_env_target_alias_set=
ac_cv_env_target_alias_value=
ac_cv_path_CGCOMP=/usr/bin/cg-comp
ac_cv_path_CGPROC=/usr/bin/cg-proc
ac_cv_path_CGRELABEL=/usr/bin/cg-relabel
ac_cv_path_HFSTLEXC=/usr/bin/hfst-lexc
ac_cv_path_HFSTTWOLC=/usr/bin/hfst-twolc
ac_cv_path_LRXCOMP=/usr/bin/lrx-comp
ac_cv_path_LRXPROC=/usr/bin/lrx-proc
ac_cv_path_ZCAT=/bin/zcat
ac_cv_path_ac_pt_PKG_CONFIG=/usr/bin/pkg-config
ac_cv_path_install='/usr/bin/install -c'
ac_cv_path_mkdir=/bin/mkdir
ac_cv_prog_AWK=gawk
ac_cv_prog_make_make_set=yes
am_cv_make_support_nested_variables=yes
pkg_cv_APERTIUM_CFLAGS='-I/usr/include/apertium-3.5 -I/usr/lib/x86_64-linux-gnu/apertium-3.5/include -I/usr/include/lttoolbox-3.4 -I/usr/lib/x86_64-linux-gnu/lttoolbox-3.4/include -I/usr/include/libxml2'
pkg_cv_APERTIUM_LIBS='-lapertium3 -llttoolbox3 -lxml2 -lpcre'

## ----------------- ##
## Output variables. ##
## ----------------- ##

ACLOCAL='${SHELL} /home/socur/Documents/kpv-udm/hfst/apertium-udm-kpv/missing aclocal-1.15'
AMTAR='$${TAR-tar}'
AM_BACKSLASH='\'
AM_DEFAULT_V='$(AM_DEFAULT_VERBOSITY)'
AM_DEFAULT_VERBOSITY='1'
AM_V='$(V)'
APERTIUM_CFLAGS='-I/usr/include/apertium-3.5 -I/usr/lib/x86_64-linux-gnu/apertium-3.5/include -I/usr/include/lttoolbox-3.4 -I/usr/lib/x86_64-linux-gnu/lttoolbox-3.4/include -I/usr/include/libxml2'
APERTIUM_LIBS='-lapertium3 -llttoolbox3 -lxml2 -lpcre'
AP_LIB1='../giella-udm/tools/mt/apertium'
AP_LIB2='../giella-kpv/tools/mt/apertium'
AP_SRC1='../giella-udm/tools/mt/apertium'
AP_SRC2='../giella-kpv/tools/mt/apertium'
AP_SUBDIRS=' ../giella-udm/tools/mt/apertium ../giella-kpv/tools/mt/apertium'
AUTOCONF='${SHELL} /home/socur/Documents/kpv-udm/hfst/apertium-udm-kpv/missing autoconf'
AUTOHEADER='${SHELL} /home/socur/Documents/kpv-udm/hfst/apertium-udm-kpv/missing autoheader'
AUTOMAKE='${SHELL} /home/socur/Documents/kpv-udm/hfst/apertium-udm-kpv/missing automake-1.15'
AWK='gawk'
CGCOMP='/usr/bin/cg-comp'
CGPROC='/usr/bin/cg-proc'
CGRELABEL='/usr/bin/cg-relabel'
CYGPATH_W='echo'
DEFS='-DPACKAGE_NAME=\"Apertium\ Northern\ Saami-Lule\ Saami\" -DPACKAGE_TARNAME=\"apertium-udm-kpv\" -DPACKAGE_VERSION=\"0.5.1\" -DPACKAGE_STRING=\"Apertium\ Northern\ Saami-Lule\ Saami\ 0.5.1\" -DPACKAGE_BUGREPORT=\"trondtr@users.sourceforge.net\" -DPACKAGE_URL=\"http://wiki.apertium.org/wiki/Apertium-udm-kpv\" -DPACKAGE=\"apertium-udm-kpv\" -DVERSION=\"0.5.1\"'
ECHO_C=''
ECHO_N='-n'
ECHO_T=''
GIELLA_KPV_CFLAGS=''
GIELLA_KPV_LIBS=''
GIELLA_UDM_CFLAGS=''
GIELLA_UDM_LIBS=''
HFSTLEXC='/usr/bin/hfst-lexc'
HFSTTWOLC='/usr/bin/hfst-twolc'
INSTALL_DATA='${INSTALL} -m 644'
INSTALL_PROGRAM='${INSTALL}'
INSTALL_SCRIPT='${INSTALL}'
INSTALL_STRIP_PROGRAM='$(install_sh) -c -s'
LIBOBJS=''
LIBS=''
LN_S='ln -s'
LRXCOMP='/usr/bin/lrx-comp'
LRXPROC='/usr/bin/lrx-proc'
LTLIBOBJS=''
MAKEINFO='${SHELL} /home/socur/Documents/kpv-udm/hfst/apertium-udm-kpv/missing makeinfo'
MKDIR_P='/bin/mkdir -p'
PACKAGE='apertium-udm-kpv'
PACKAGE_BUGREPORT='trondtr@users.sourceforge.net'
PACKAGE_NAME='Apertium Northern Saami-Lule Saami'
PACKAGE_STRING='Apertium Northern Saami-Lule Saami 0.5.1'
PACKAGE_TARNAME='apertium-udm-kpv'
PACKAGE_URL='http://wiki.apertium.org/wiki/Apertium-udm-kpv'
PACKAGE_VERSION='0.5.1'
PATH_SEPARATOR=':'
PKG_CONFIG='/usr/bin/pkg-config'
PKG_CONFIG_LIBDIR=''
PKG_CONFIG_PATH=':/usr/local/share/pkgconfig:/usr/local/lib/pkgconfig'
SET_MAKE=''
SHELL='/bin/bash'
STRIP=''
VERSION='0.5.1'
ZCAT='/bin/zcat'
am__isrc=''
am__leading_dot='.'
am__tar='$${TAR-tar} chof - "$$tardir"'
am__untar='$${TAR-tar} xf -'
bindir='${exec_prefix}/bin'
build_alias=''
datadir='${datarootdir}'
datarootdir='${prefix}/share'
docdir='${datarootdir}/doc/${PACKAGE_TARNAME}'
dvidir='${docdir}'
exec_prefix='${prefix}'
host_alias=''
htmldir='${docdir}'
includedir='${prefix}/include'
infodir='${datarootdir}/info'
install_sh='${SHELL} /home/socur/Documents/kpv-udm/hfst/apertium-udm-kpv/install-sh'
libdir='${exec_prefix}/lib'
libexecdir='${exec_prefix}/libexec'
localedir='${datarootdir}/locale'
localstatedir='${prefix}/var'
mandir='${datarootdir}/man'
mkdir_p='$(MKDIR_P)'
oldincludedir='/usr/include'
pdfdir='${docdir}'
prefix='/usr/local'
program_transform_name='s,x,x,'
psdir='${docdir}'
runstatedir='${localstatedir}/run'
sbindir='${exec_prefix}/sbin'
sharedstatedir='${prefix}/com'
sysconfdir='${prefix}/etc'
target_alias=''

## ------------------- ##
## File substitutions. ##
## ------------------- ##

ap_include='./ap_include.am'

## ----------- ##
## confdefs.h. ##
## ----------- ##

/* confdefs.h */
#define PACKAGE_NAME "Apertium Northern Saami-Lule Saami"
#define PACKAGE_TARNAME "apertium-udm-kpv"
#define PACKAGE_VERSION "0.5.1"
#define PACKAGE_STRING "Apertium Northern Saami-Lule Saami 0.5.1"
#define PACKAGE_BUGREPORT "trondtr@users.sourceforge.net"
#define PACKAGE_URL "http://wiki.apertium.org/wiki/Apertium-udm-kpv"
#define PACKAGE "apertium-udm-kpv"
#define VERSION "0.5.1"

configure: exit 0
